C:\Users\RA-02\AppData\Local\Python\pythoncore-3.14-64\Lib\site-packages\torchvision\models\_utils.py:208: UserWarning: The parameter 'pretrained' is deprecated since 0.13 and may be removed in the future, please use 'weights' instead.
  warnings.warn(
C:\Users\RA-02\AppData\Local\Python\pythoncore-3.14-64\Lib\site-packages\torchvision\models\_utils.py:223: UserWarning: Arguments other than a weight enum or `None` for 'weights' are deprecated since 0.13 and may be removed in the future. The current behavior is equivalent to passing `weights=AlexNet_Weights.IMAGENET1K_V1`. You can also use `weights=AlexNet_Weights.DEFAULT` to get the most up-to-date weights.
  warnings.warn(msg)
ART 1.20.1 | torch 2.10.0+cu128 | torchvision 0.25.0+cu128
images: 500 (subset of 2979 val images, seed=0)
mode=vanish, eps=['1/255', '2/255', '4/255', '6/255', '8/255', '12/255', '16/255'], PGD-20, conf=0.5, imgsz=1280
imperceptibility: PSNR + SSIM (skimage) + LPIPS(alex) ready
  [1/255] disappearance=0.525  clean_dets=1329->adv_dets=641  gone=698 relabeled=17 persisted=614  mAP50 0.7906331997976487->0.3509797268834602  PSNR=50.49dB SSIM=0.9944 LPIPS=0.0132
  [2/255] disappearance=0.903  clean_dets=1329->adv_dets=131  gone=1200 relabeled=3 persisted=126  mAP50 0.7906331997976487->0.07101821293240435  PSNR=45.04dB SSIM=0.9806 LPIPS=0.0463
  [4/255] disappearance=0.995  clean_dets=1329->adv_dets=6  gone=1323 relabeled=1 persisted=5  mAP50 0.7906331997976487->0.0019801980198019802  PSNR=39.47dB SSIM=0.9338 LPIPS=0.1427
  [6/255] disappearance=0.999  clean_dets=1329->adv_dets=1  gone=1328 relabeled=0 persisted=1  mAP50 0.7906331997976487->0.0013201320132013197  PSNR=36.09dB SSIM=0.8691 LPIPS=0.2413
  [8/255] disappearance=1.000  clean_dets=1329->adv_dets=0  gone=1329 relabeled=0 persisted=0  mAP50 0.7906331997976487->0.0  PSNR=33.65dB SSIM=0.7971 LPIPS=0.3275
  [12/255] disappearance=0.999  clean_dets=1329->adv_dets=6  gone=1328 relabeled=0 persisted=1  mAP50 0.7906331997976487->0.00022002200220021996  PSNR=30.20dB SSIM=0.6592 LPIPS=0.4589
  [16/255] disappearance=1.000  clean_dets=1329->adv_dets=19  gone=1329 relabeled=0 persisted=0  mAP50 0.7906331997976487->0.0  PSNR=27.76dB SSIM=0.5466 LPIPS=0.5533

============================================================================================
    eps | disappear |   clean->adv |  gone/relab | PSNR(dB) |   SSIM |  LPIPS
--------------------------------------------------------------------------------------------
  1/255 |     0.525 |    1329->641 |      698/17 |    50.49 | 0.9944 | 0.0132
  2/255 |     0.903 |    1329->131 |      1200/3 |    45.04 | 0.9806 | 0.0463
  4/255 |     0.995 |      1329->6 |      1323/1 |    39.47 | 0.9338 | 0.1427
  6/255 |     0.999 |      1329->1 |      1328/0 |    36.09 | 0.8691 | 0.2413
  8/255 |     1.000 |      1329->0 |      1329/0 |    33.65 | 0.7971 | 0.3275
 12/255 |     0.999 |      1329->6 |      1328/0 |    30.20 | 0.6592 | 0.4589
 16/255 |     1.000 |     1329->19 |      1329/0 |    27.76 | 0.5466 | 0.5533
============================================================================================
FasterRCNN-R50 TT100K disappearance (vanish) | JSON -> disappearance_frcnn.json | panels/plot -> disappearance_frcnn_out/
