C:\Users\RA-02\AppData\Local\Python\pythoncore-3.14-64\Lib\site-packages\torchvision\models\_utils.py:208: UserWarning: The parameter 'pretrained' is deprecated since 0.13 and may be removed in the future, please use 'weights' instead.
  warnings.warn(
C:\Users\RA-02\AppData\Local\Python\pythoncore-3.14-64\Lib\site-packages\torchvision\models\_utils.py:223: UserWarning: Arguments other than a weight enum or `None` for 'weights' are deprecated since 0.13 and may be removed in the future. The current behavior is equivalent to passing `weights=AlexNet_Weights.IMAGENET1K_V1`. You can also use `weights=AlexNet_Weights.DEFAULT` to get the most up-to-date weights.
  warnings.warn(msg)
ART 1.20.1 | torch 2.10.0+cu128 | torchvision 0.25.0+cu128 | detector=frcnn
imperceptibility: PSNR + SSIM + LPIPS(alex) ready
detector=frcnn | pair pl40(id 29) -> pl80(id 34)
images: FULL val set: all 2979 images (seed=0)
NOTE: misclassification ASR counts ONLY source-class (pl40) objects, so the denominator differs by design from the disappearance run's 500-subset (all detections).
source 'pl40' objects detected clean across eval set: 476
  source count 476 (>=100) -> ASR denominator is stable
eps=['1/255', '2/255', '4/255', '6/255', '8/255', '12/255', '16/255'], PGD-20, conf=0.5
  [1/255] ASR(targeted)=0.244  src=476  targeted=116 other_wrong=67 still_source=231 vanished=62  PSNR=50.59dB SSIM=0.9946 LPIPS=0.0122
  [2/255] ASR(targeted)=0.603  src=476  targeted=287 other_wrong=98 still_source=55 vanished=36  PSNR=45.13dB SSIM=0.9813 LPIPS=0.0430
  [4/255] ASR(targeted)=0.874  src=476  targeted=416 other_wrong=54 still_source=1 vanished=5  PSNR=39.51dB SSIM=0.9351 LPIPS=0.1384
  [6/255] ASR(targeted)=0.939  src=476  targeted=447 other_wrong=26 still_source=0 vanished=3  PSNR=36.11dB SSIM=0.8711 LPIPS=0.2366
  [8/255] ASR(targeted)=0.937  src=476  targeted=446 other_wrong=26 still_source=1 vanished=3  PSNR=33.67dB SSIM=0.8000 LPIPS=0.3212
  [12/255] ASR(targeted)=0.931  src=476  targeted=443 other_wrong=30 still_source=0 vanished=3  PSNR=30.21dB SSIM=0.6635 LPIPS=0.4523
  [16/255] ASR(targeted)=0.941  src=476  targeted=448 other_wrong=24 still_source=0 vanished=4  PSNR=27.76dB SSIM=0.5518 LPIPS=0.5480

==============================================================================================
    eps |    ASR | targeted | oth_wrong | still_src | vanished |   PSNR |   SSIM |  LPIPS
----------------------------------------------------------------------------------------------
  1/255 |  0.244 |      116 |        67 |       231 |       62 |  50.59 | 0.9946 |  0.012
  2/255 |  0.603 |      287 |        98 |        55 |       36 |  45.13 | 0.9813 |  0.043
  4/255 |  0.874 |      416 |        54 |         1 |        5 |  39.51 | 0.9351 |  0.138
  6/255 |  0.939 |      447 |        26 |         0 |        3 |  36.11 | 0.8711 |  0.237
  8/255 |  0.937 |      446 |        26 |         1 |        3 |  33.67 | 0.8000 |  0.321
 12/255 |  0.931 |      443 |        30 |         0 |        3 |  30.21 | 0.6635 |  0.452
 16/255 |  0.941 |      448 |        24 |         0 |        4 |  27.76 | 0.5518 |  0.548
==============================================================================================
FRCNN pl40->pl80 | JSON -> misclassification_frcnn.json | panels/plot -> misclassification_frcnn_out/
